# JRE version: Java(TM) SE Runtime Environment (8.0_144-b01) (build 1.8.0_144-b01)
# Java VM: Java HotSpot(TM) 64-Bit Server VM (25.144-b01 mixed mode windows-amd64 compressed oops)
Heap:
 PSYoungGen      total 159232K, used 111903K [0x00000000f5580000, 0x0000000100000000, 0x0000000100000000)
  eden space 145920K, 67% used [0x00000000f5580000,0x00000000fb6557b0,0x00000000fe400000)
  from space 13312K, 95% used [0x00000000ff300000,0x00000000fff725f8,0x0000000100000000)
  to   space 14336K, 0% used [0x00000000fe400000,0x00000000fe400000,0x00000000ff200000)
 ParOldGen       total 175104K, used 15864K [0x00000000e0000000, 0x00000000eab00000, 0x00000000f5580000)
  object space 175104K, 9% used [0x00000000e0000000,0x00000000e0f7e1a0,0x00000000eab00000)
 Metaspace       used 49190K, capacity 50550K, committed 50904K, reserved 1093632K
  class space    used 6855K, capacity 7262K, committed 7384K, reserved 1048576K
GC Heap History (10 events):
Event: 17.129 GC heap before
{Heap before GC invocations=6 (full 1):
 PSYoungGen      total 76288K, used 73537K [0x00000000f5580000, 0x00000000fbf80000, 0x0000000100000000)
  eden space 65536K, 100% used [0x00000000f5580000,0x00000000f9580000,0x00000000f9580000)
  from space 10752K, 74% used [0x00000000fa000000,0x00000000fa7d0420,0x00000000faa80000)
  to   space 10752K, 0% used [0x00000000f9580000,0x00000000f9580000,0x00000000fa000000)
 ParOldGen       total 175104K, used 10877K [0x00000000e0000000, 0x00000000eab00000, 0x00000000f5580000)
  object space 175104K, 6% used [0x00000000e0000000,0x00000000e0a9f7e0,0x00000000eab00000)
 Metaspace       used 31092K, capacity 31670K, committed 32000K, reserved 1077248K
  class space    used 4342K, capacity 4593K, committed 4608K, reserved 1048576K
Event: 17.138 GC heap after
Heap after GC invocations=6 (full 1):
 PSYoungGen      total 76288K, used 10116K [0x00000000f5580000, 0x00000000fc780000, 0x0000000100000000)
  eden space 65536K, 0% used [0x00000000f5580000,0x00000000f5580000,0x00000000f9580000)
  from space 10752K, 94% used [0x00000000f9580000,0x00000000f9f610f8,0x00000000fa000000)
  to   space 12800K, 0% used [0x00000000fbb00000,0x00000000fbb00000,0x00000000fc780000)
 ParOldGen       total 175104K, used 10885K [0x00000000e0000000, 0x00000000eab00000, 0x00000000f5580000)
  object space 175104K, 6% used [0x00000000e0000000,0x00000000e0aa17e0,0x00000000eab00000)
 Metaspace       used 31092K, capacity 31670K, committed 32000K, reserved 1077248K
  class space    used 4342K, capacity 4593K, committed 4608K, reserved 1048576K
}
Event: 18.383 GC heap before
{Heap before GC invocations=7 (full 1):
 PSYoungGen      total 76288K, used 75652K [0x00000000f5580000, 0x00000000fc780000, 0x0000000100000000)
  eden space 65536K, 100% used [0x00000000f5580000,0x00000000f9580000,0x00000000f9580000)
  from space 10752K, 94% used [0x00000000f9580000,0x00000000f9f610f8,0x00000000fa000000)
  to   space 12800K, 0% used [0x00000000fbb00000,0x00000000fbb00000,0x00000000fc780000)
 ParOldGen       total 175104K, used 10885K [0x00000000e0000000, 0x00000000eab00000, 0x00000000f5580000)
  object space 175104K, 6% used [0x00000000e0000000,0x00000000e0aa17e0,0x00000000eab00000)
 Metaspace       used 34551K, capacity 35314K, committed 35328K, reserved 1079296K
  class space    used 4869K, capacity 5106K, committed 5120K, reserved 1048576K
Event: 18.397 GC heap after
Heap after GC invocations=7 (full 1):
 PSYoungGen      total 102912K, used 11566K [0x00000000f5580000, 0x00000000fce00000, 0x0000000100000000)
  eden space 90112K, 0% used [0x00000000f5580000,0x00000000f5580000,0x00000000fad80000)
  from space 12800K, 90% used [0x00000000fbb00000,0x00000000fc64b888,0x00000000fc780000)
  to   space 13824K, 0% used [0x00000000fad80000,0x00000000fad80000,0x00000000fbb00000)
 ParOldGen       total 175104K, used 10893K [0x00000000e0000000, 0x00000000eab00000, 0x00000000f5580000)
  object space 175104K, 6% used [0x00000000e0000000,0x00000000e0aa37e0,0x00000000eab00000)
 Metaspace       used 34551K, capacity 35314K, committed 35328K, reserved 1079296K
  class space    used 4869K, capacity 5106K, committed 5120K, reserved 1048576K
}
Event: 18.413 GC heap before
{Heap before GC invocations=8 (full 1):
 PSYoungGen      total 102912K, used 13258K [0x00000000f5580000, 0x00000000fce00000, 0x0000000100000000)
  eden space 90112K, 1% used [0x00000000f5580000,0x00000000f5727320,0x00000000fad80000)
  from space 12800K, 90% used [0x00000000fbb00000,0x00000000fc64b888,0x00000000fc780000)
  to   space 13824K, 0% used [0x00000000fad80000,0x00000000fad80000,0x00000000fbb00000)
 ParOldGen       total 175104K, used 10893K [0x00000000e0000000, 0x00000000eab00000, 0x00000000f5580000)
  object space 175104K, 6% used [0x00000000e0000000,0x00000000e0aa37e0,0x00000000eab00000)
 Metaspace       used 34611K, capacity 35346K, committed 35416K, reserved 1079296K
  class space    used 4880K, capacity 5138K, committed 5208K, reserved 1048576K
Event: 18.422 GC heap after
Heap after GC invocations=8 (full 1):
 PSYoungGen      total 103936K, used 8768K [0x00000000f5580000, 0x0000000100000000, 0x0000000100000000)
  eden space 90112K, 0% used [0x00000000f5580000,0x00000000f5580000,0x00000000fad80000)
  from space 13824K, 63% used [0x00000000fad80000,0x00000000fb6100b0,0x00000000fbb00000)
  to   space 13312K, 0% used [0x00000000ff300000,0x00000000ff300000,0x0000000100000000)
 ParOldGen       total 175104K, used 10893K [0x00000000e0000000, 0x00000000eab00000, 0x00000000f5580000)
  object space 175104K, 6% used [0x00000000e0000000,0x00000000e0aa37e0,0x00000000eab00000)
 Metaspace       used 34611K, capacity 35346K, committed 35416K, reserved 1079296K
  class space    used 4880K, capacity 5138K, committed 5208K, reserved 1048576K
}
Event: 18.422 GC heap before
{Heap before GC invocations=9 (full 2):
 PSYoungGen      total 103936K, used 8768K [0x00000000f5580000, 0x0000000100000000, 0x0000000100000000)
  eden space 90112K, 0% used [0x00000000f5580000,0x00000000f5580000,0x00000000fad80000)
  from space 13824K, 63% used [0x00000000fad80000,0x00000000fb6100b0,0x00000000fbb00000)
  to   space 13312K, 0% used [0x00000000ff300000,0x00000000ff300000,0x0000000100000000)
 ParOldGen       total 175104K, used 10893K [0x00000000e0000000, 0x00000000eab00000, 0x00000000f5580000)
  object space 175104K, 6% used [0x00000000e0000000,0x00000000e0aa37e0,0x00000000eab00000)
 Metaspace       used 34611K, capacity 35346K, committed 35416K, reserved 1079296K
  class space    used 4880K, capacity 5138K, committed 5208K, reserved 1048576K
Event: 18.484 GC heap after
Heap after GC invocations=9 (full 2):
 PSYoungGen      total 103936K, used 0K [0x00000000f5580000, 0x0000000100000000, 0x0000000100000000)
  eden space 90112K, 0% used [0x00000000f5580000,0x00000000f5580000,0x00000000fad80000)
  from space 13824K, 0% used [0x00000000fad80000,0x00000000fad80000,0x00000000fbb00000)
  to   space 13312K, 0% used [0x00000000ff300000,0x00000000ff300000,0x0000000100000000)
 ParOldGen       total 175104K, used 15856K [0x00000000e0000000, 0x00000000eab00000, 0x00000000f5580000)
  object space 175104K, 9% used [0x00000000e0000000,0x00000000e0f7c1a0,0x00000000eab00000)
 Metaspace       used 34596K, capacity 35298K, committed 35416K, reserved 1079296K
  class space    used 4876K, capacity 5130K, committed 5208K, reserved 1048576K
}
Event: 23.462 GC heap before
{Heap before GC invocations=10 (full 2):
 PSYoungGen      total 103936K, used 90112K [0x00000000f5580000, 0x0000000100000000, 0x0000000100000000)
  eden space 90112K, 100% used [0x00000000f5580000,0x00000000fad80000,0x00000000fad80000)
  from space 13824K, 0% used [0x00000000fad80000,0x00000000fad80000,0x00000000fbb00000)
  to   space 13312K, 0% used [0x00000000ff300000,0x00000000ff300000,0x0000000100000000)
 ParOldGen       total 175104K, used 15856K [0x00000000e0000000, 0x00000000eab00000, 0x00000000f5580000)
  object space 175104K, 9% used [0x00000000e0000000,0x00000000e0f7c1a0,0x00000000eab00000)
 Metaspace       used 44060K, capacity 45080K, committed 45400K, reserved 1087488K
  class space    used 6082K, capacity 6406K, committed 6488K, reserved 1048576K
Event: 23.479 GC heap after
Heap after GC invocations=10 (full 2):
 PSYoungGen      total 159232K, used 12745K [0x00000000f5580000, 0x0000000100000000, 0x0000000100000000)
  eden space 145920K, 0% used [0x00000000f5580000,0x00000000f5580000,0x00000000fe400000)
  from space 13312K, 95% used [0x00000000ff300000,0x00000000fff725f8,0x0000000100000000)
  to   space 14336K, 0% used [0x00000000fe400000,0x00000000fe400000,0x00000000ff200000)
 ParOldGen       total 175104K, used 15864K [0x00000000e0000000, 0x00000000eab00000, 0x00000000f5580000)
  object space 175104K, 9% used [0x00000000e0000000,0x00000000e0f7e1a0,0x00000000eab00000)
 Metaspace       used 44060K, capacity 45080K, committed 45400K, reserved 1087488K
  class space    used 6082K, capacity 6406K, committed 6488K, reserved 1048576K
}

